<?xml version="1.0" encoding="UTF-8"?>
<!-- Generated by org.testng.reporters.JUnitReportReporter -->
<testsuite skipped="0" hostname="ekta3147878-02" name="qaclickacademy.appiumTest" tests="2" failures="0" timestamp="14 May 2019 06:30:33 GMT" time="0.005" errors="0">
  <testcase name="iosapp" time="0.004" classname="qaclickacademy.appiumTest"/>
  <testcase name="nativeapps" time="0.001" classname="qaclickacademy.appiumTest"/>
</testsuite> <!-- qaclickacademy.appiumTest -->
