<?xml version="1.0" encoding="UTF-8"?>
<!-- Generated by org.testng.reporters.JUnitReportReporter -->
<testsuite skipped="0" hostname="ekta3147878-02" name="qaclickacademy.seleniumTest" tests="2" failures="0" timestamp="14 May 2019 06:30:33 GMT" time="0.003" errors="0">
  <testcase name="BrowserAutomation" time="0.002" classname="qaclickacademy.seleniumTest"/>
  <testcase name="elementsui" time="0.001" classname="qaclickacademy.seleniumTest"/>
</testsuite> <!-- qaclickacademy.seleniumTest -->
