<?xml version="1.0" encoding="UTF-8"?>
<!-- Generated by org.testng.reporters.JUnitReportReporter -->
<testsuite skipped="0" hostname="ekta3147878-02" name="qaclickacademy.apiTest" tests="2" failures="0" timestamp="14 May 2019 12:22:36 GMT" time="0.005" errors="0">
  <testcase name="deletetwitter" time="0.005" classname="qaclickacademy.apiTest"/>
  <testcase name="postjira" time="0.000" classname="qaclickacademy.apiTest"/>
</testsuite> <!-- qaclickacademy.apiTest -->
